<?xml version="1.0" encoding="UTF-8"?>
<testsuite name="java_project_yn.bank_system.util.AnnuityCalculatorTest" tests="7" skipped="0" failures="0" errors="0" timestamp="2026-06-20T12:37:41" hostname="Yuliyans-MacBook-Air.local" time="0.002">
  <properties/>
  <testcase name="generate_returnsRowForEveryMonth()" classname="java_project_yn.bank_system.util.AnnuityCalculatorTest" time="0.0"/>
  <testcase name="generate_paymentEqualsPrincipalPlusInterest()" classname="java_project_yn.bank_system.util.AnnuityCalculatorTest" time="0.001"/>
  <testcase name="zeroInterest_splitsPrincipalEvenly()" classname="java_project_yn.bank_system.util.AnnuityCalculatorTest" time="0.0"/>
  <testcase name="monthlyPayment_knownValue()" classname="java_project_yn.bank_system.util.AnnuityCalculatorTest" time="0.0"/>
  <testcase name="generate_interestDecreasesAndPrincipalIncreases()" classname="java_project_yn.bank_system.util.AnnuityCalculatorTest" time="0.0"/>
  <testcase name="generate_principalSumEqualsLoanAndEndsAtZero()" classname="java_project_yn.bank_system.util.AnnuityCalculatorTest" time="0.0"/>
  <testcase name="invalidTerm_throws()" classname="java_project_yn.bank_system.util.AnnuityCalculatorTest" time="0.0"/>
  <system-out><![CDATA[]]></system-out>
  <system-err><![CDATA[]]></system-err>
</testsuite>
