<?xml version="1.0" encoding="UTF-8"?>
<testsuite name="java_project_yn.bank_system.service.impl.StatisticsServiceImplTest" tests="1" skipped="0" failures="0" errors="0" timestamp="2026-06-20T12:37:41" hostname="Yuliyans-MacBook-Air.local" time="0.002">
  <properties/>
  <testcase name="getOverview_aggregatesCorrectly()" classname="java_project_yn.bank_system.service.impl.StatisticsServiceImplTest" time="0.002"/>
  <system-out><![CDATA[]]></system-out>
  <system-err><![CDATA[]]></system-err>
</testsuite>
