<?xml version="1.0" encoding="UTF-8"?>
<testsuite name="java_project_yn.bank_system.service.impl.RegistrationServiceImplTest" tests="3" skipped="0" failures="0" errors="0" timestamp="2026-06-20T12:37:41" hostname="Yuliyans-MacBook-Air.local" time="0.043">
  <properties/>
  <testcase name="registerClient_duplicateUsername_throws()" classname="java_project_yn.bank_system.service.impl.RegistrationServiceImplTest" time="0.041"/>
  <testcase name="registerClient_passwordMismatch_throws()" classname="java_project_yn.bank_system.service.impl.RegistrationServiceImplTest" time="0.0"/>
  <testcase name="registerClient_success_savesUserAndClient()" classname="java_project_yn.bank_system.service.impl.RegistrationServiceImplTest" time="0.001"/>
  <system-out><![CDATA[]]></system-out>
  <system-err><![CDATA[]]></system-err>
</testsuite>
