<?xml version="1.0" encoding="UTF-8"?>
<testsuite name="java_project_yn.bank_system.service.impl.UserServiceImplTest" tests="8" skipped="0" failures="0" errors="0" timestamp="2026-06-20T12:37:41" hostname="Yuliyans-MacBook-Air.local" time="0.006">
  <properties/>
  <testcase name="createEmployee_success_savesWithRole()" classname="java_project_yn.bank_system.service.impl.UserServiceImplTest" time="0.001"/>
  <testcase name="setEmployeeEnabled_onAdmin_throws()" classname="java_project_yn.bank_system.service.impl.UserServiceImplTest" time="0.0"/>
  <testcase name="changePassword_wrongCurrent_throws()" classname="java_project_yn.bank_system.service.impl.UserServiceImplTest" time="0.0"/>
  <testcase name="changePassword_success_encodesAndSaves()" classname="java_project_yn.bank_system.service.impl.UserServiceImplTest" time="0.001"/>
  <testcase name="createEmployee_passwordMismatch_throws()" classname="java_project_yn.bank_system.service.impl.UserServiceImplTest" time="0.001"/>
  <testcase name="createEmployee_duplicateUsername_throws()" classname="java_project_yn.bank_system.service.impl.UserServiceImplTest" time="0.0"/>
  <testcase name="deleteUser_admin_throws()" classname="java_project_yn.bank_system.service.impl.UserServiceImplTest" time="0.001"/>
  <testcase name="loadUserByUsername_notFound_throws()" classname="java_project_yn.bank_system.service.impl.UserServiceImplTest" time="0.001"/>
  <system-out><![CDATA[]]></system-out>
  <system-err><![CDATA[]]></system-err>
</testsuite>
