<?xml version="1.0" encoding="UTF-8"?>
<testsuite name="java_project_yn.bank_system.controller.AccountApiControllerTest" tests="4" skipped="0" failures="0" errors="0" timestamp="2026-06-20T12:37:39" hostname="Yuliyans-MacBook-Air.local" time="0.123">
  <properties/>
  <testcase name="open_asClient_isForbidden()" classname="java_project_yn.bank_system.controller.AccountApiControllerTest" time="0.041"/>
  <testcase name="open_asEmployee_returnsCreated()" classname="java_project_yn.bank_system.controller.AccountApiControllerTest" time="0.057"/>
  <testcase name="open_businessRule_returns422Json()" classname="java_project_yn.bank_system.controller.AccountApiControllerTest" time="0.018"/>
  <testcase name="getAll_asEmployee_returnsList()" classname="java_project_yn.bank_system.controller.AccountApiControllerTest" time="0.004"/>
  <system-out><![CDATA[15:37:38.456 [Test worker] INFO org.springframework.test.context.support.AnnotationConfigContextLoaderUtils -- Could not detect default configuration classes for test class [java_project_yn.bank_system.controller.AccountApiControllerTest]: AccountApiControllerTest does not declare any static, non-private, non-final, nested classes annotated with @Configuration.
15:37:38.516 [Test worker] INFO org.springframework.boot.test.context.SpringBootTestContextBootstrapper -- Found @SpringBootConfiguration java_project_yn.bank_system.BankSystemApplication for test class java_project_yn.bank_system.controller.AccountApiControllerTest

  .   ____          _            __ _ _
 /\\ / ___'_ __ _ _(_)_ __  __ _ \ \ \ \
( ( )\___ | '_ | '_| | '_ \/ _` | \ \ \ \
 \\/  ___)| |_)| | | | | || (_| |  ) ) ) )
  '  |____| .__|_| |_|_| |_\__, | / / / /
 =========|_|==============|___/=/_/_/_/

 :: Spring Boot ::                (v3.3.4)

2026-06-20T15:37:38.663+03:00  INFO 25122 --- [    Test worker] j.b.controller.AccountApiControllerTest  : Starting AccountApiControllerTest using Java 21.0.11 with PID 25122 (started by nass in /Users/nass/Documents/Claude/Projects/java_spring/bank-system)
2026-06-20T15:37:38.663+03:00  INFO 25122 --- [    Test worker] j.b.controller.AccountApiControllerTest  : No active profile set, falling back to 1 default profile: "default"
2026-06-20T15:37:39.589+03:00  INFO 25122 --- [    Test worker] eAuthenticationProviderManagerConfigurer : Global AuthenticationManager configured with AuthenticationProvider bean with name daoAuthenticationProvider
2026-06-20T15:37:39.589+03:00  WARN 25122 --- [    Test worker] r$InitializeUserDetailsManagerConfigurer : Global AuthenticationManager configured with an AuthenticationProvider bean. UserDetailsService beans will not be used for username/password login. Consider removing the AuthenticationProvider bean. Alternatively, consider using the UserDetailsService in a manually instantiated DaoAuthenticationProvider.
2026-06-20T15:37:39.627+03:00  INFO 25122 --- [    Test worker] o.s.b.a.w.s.WelcomePageHandlerMapping    : Adding welcome page template: index
2026-06-20T15:37:39.894+03:00  INFO 25122 --- [    Test worker] o.s.b.t.m.w.SpringBootMockServletContext : Initializing Spring TestDispatcherServlet ''
2026-06-20T15:37:39.894+03:00  INFO 25122 --- [    Test worker] o.s.t.web.servlet.TestDispatcherServlet  : Initializing Servlet ''
2026-06-20T15:37:39.895+03:00  INFO 25122 --- [    Test worker] o.s.t.web.servlet.TestDispatcherServlet  : Completed initialization in 1 ms
2026-06-20T15:37:39.915+03:00  INFO 25122 --- [    Test worker] j.b.controller.AccountApiControllerTest  : Started AccountApiControllerTest in 1.359 seconds (process running for 1.843)
]]></system-out>
  <system-err><![CDATA[WARNING: A Java agent has been loaded dynamically (/Users/nass/.gradle/caches/modules-2/files-2.1/net.bytebuddy/byte-buddy-agent/1.14.19/154da3a65b4f4a909d3e5bdec55d1b2b4cbb6ce1/byte-buddy-agent-1.14.19.jar)
WARNING: If a serviceability tool is in use, please run with -XX:+EnableDynamicAgentLoading to hide this warning
WARNING: If a serviceability tool is not in use, please run with -Djdk.instrument.traceUsage for more information
WARNING: Dynamic loading of agents will be disallowed by default in a future release
]]></system-err>
</testsuite>
