<?xml version="1.0" encoding="UTF-8"?>
<testsuite name="java_project_yn.bank_system.service.impl.CreditTypeServiceImplTest" tests="6" skipped="0" failures="0" errors="0" timestamp="2026-06-20T12:37:41" hostname="Yuliyans-MacBook-Air.local" time="0.022">
  <properties/>
  <testcase name="delete_notFound_throws()" classname="java_project_yn.bank_system.service.impl.CreditTypeServiceImplTest" time="0.001"/>
  <testcase name="getById_found_returnsDto()" classname="java_project_yn.bank_system.service.impl.CreditTypeServiceImplTest" time="0.015"/>
  <testcase name="create_duplicateName_throws()" classname="java_project_yn.bank_system.service.impl.CreditTypeServiceImplTest" time="0.001"/>
  <testcase name="create_savesNewType()" classname="java_project_yn.bank_system.service.impl.CreditTypeServiceImplTest" time="0.001"/>
  <testcase name="update_success_savesChanges()" classname="java_project_yn.bank_system.service.impl.CreditTypeServiceImplTest" time="0.002"/>
  <testcase name="update_duplicateName_throws()" classname="java_project_yn.bank_system.service.impl.CreditTypeServiceImplTest" time="0.002"/>
  <system-out><![CDATA[]]></system-out>
  <system-err><![CDATA[]]></system-err>
</testsuite>
