<?xml version="1.0" encoding="UTF-8"?>
<testsuite name="java_project_yn.bank_system.service.impl.CreditServiceImplTest" tests="13" skipped="0" failures="0" errors="0" timestamp="2026-06-20T12:37:41" hostname="Yuliyans-MacBook-Air.local" time="0.082">
  <properties/>
  <testcase name="grantCredit_amountOverMax_throws()" classname="java_project_yn.bank_system.service.impl.CreditServiceImplTest" time="0.061"/>
  <testcase name="cancelCredit_withPaidInstallment_throws()" classname="java_project_yn.bank_system.service.impl.CreditServiceImplTest" time="0.002"/>
  <testcase name="earlyPayoff_marksAllPaidAndStatusPaid()" classname="java_project_yn.bank_system.service.impl.CreditServiceImplTest" time="0.003"/>
  <testcase name="payInstallment_lastOne_marksCreditPaid()" classname="java_project_yn.bank_system.service.impl.CreditServiceImplTest" time="0.003"/>
  <testcase name="grantCredit_setsDueDates()" classname="java_project_yn.bank_system.service.impl.CreditServiceImplTest" time="0.003"/>
  <testcase name="grantCredit_termOverMax_throws()" classname="java_project_yn.bank_system.service.impl.CreditServiceImplTest" time="0.001"/>
  <testcase name="cancelCredit_noPaidInstallments_setsCancelled()" classname="java_project_yn.bank_system.service.impl.CreditServiceImplTest" time="0.001"/>
  <testcase name="payFromAccount_insufficientFunds_throws()" classname="java_project_yn.bank_system.service.impl.CreditServiceImplTest" time="0.001"/>
  <testcase name="payFromAccount_closedAccount_throws()" classname="java_project_yn.bank_system.service.impl.CreditServiceImplTest" time="0.0"/>
  <testcase name="grantCredit_generatesSchedule()" classname="java_project_yn.bank_system.service.impl.CreditServiceImplTest" time="0.001"/>
  <testcase name="payFromAccount_lastInstallment_marksCreditPaid()" classname="java_project_yn.bank_system.service.impl.CreditServiceImplTest" time="0.002"/>
  <testcase name="payInstallment_outOfOrder_throws()" classname="java_project_yn.bank_system.service.impl.CreditServiceImplTest" time="0.001"/>
  <testcase name="payFromAccount_debitsAccountAndMarksPaid()" classname="java_project_yn.bank_system.service.impl.CreditServiceImplTest" time="0.001"/>
  <system-out><![CDATA[]]></system-out>
  <system-err><![CDATA[]]></system-err>
</testsuite>
