<?xml version="1.0" encoding="UTF-8"?>
<testsuite name="java_project_yn.bank_system.controller.ClientApiControllerTest" tests="4" skipped="0" failures="0" errors="0" timestamp="2026-06-20T12:37:40" hostname="Yuliyans-MacBook-Air.local" time="0.025">
  <properties/>
  <testcase name="delete_asEmployee_isForbidden()" classname="java_project_yn.bank_system.controller.ClientApiControllerTest" time="0.003"/>
  <testcase name="getById_notFound_returns404Json()" classname="java_project_yn.bank_system.controller.ClientApiControllerTest" time="0.007"/>
  <testcase name="getAll_asEmployee_returnsList()" classname="java_project_yn.bank_system.controller.ClientApiControllerTest" time="0.004"/>
  <testcase name="createIndividual_asEmployee_returnsCreated()" classname="java_project_yn.bank_system.controller.ClientApiControllerTest" time="0.01"/>
  <system-out><![CDATA[2026-06-20T15:37:40.044+03:00  INFO 25122 --- [    Test worker] t.c.s.AnnotationConfigContextLoaderUtils : Could not detect default configuration classes for test class [java_project_yn.bank_system.controller.ClientApiControllerTest]: ClientApiControllerTest does not declare any static, non-private, non-final, nested classes annotated with @Configuration.
2026-06-20T15:37:40.048+03:00  INFO 25122 --- [    Test worker] .b.t.c.SpringBootTestContextBootstrapper : Found @SpringBootConfiguration java_project_yn.bank_system.BankSystemApplication for test class java_project_yn.bank_system.controller.ClientApiControllerTest

  .   ____          _            __ _ _
 /\\ / ___'_ __ _ _(_)_ __  __ _ \ \ \ \
( ( )\___ | '_ | '_| | '_ \/ _` | \ \ \ \
 \\/  ___)| |_)| | | | | || (_| |  ) ) ) )
  '  |____| .__|_| |_|_| |_\__, | / / / /
 =========|_|==============|___/=/_/_/_/

 :: Spring Boot ::                (v3.3.4)

2026-06-20T15:37:40.058+03:00  INFO 25122 --- [    Test worker] j.b.controller.ClientApiControllerTest   : Starting ClientApiControllerTest using Java 21.0.11 with PID 25122 (started by nass in /Users/nass/Documents/Claude/Projects/java_spring/bank-system)
2026-06-20T15:37:40.058+03:00  INFO 25122 --- [    Test worker] j.b.controller.ClientApiControllerTest   : No active profile set, falling back to 1 default profile: "default"
2026-06-20T15:37:40.169+03:00  INFO 25122 --- [    Test worker] eAuthenticationProviderManagerConfigurer : Global AuthenticationManager configured with AuthenticationProvider bean with name daoAuthenticationProvider
2026-06-20T15:37:40.170+03:00  WARN 25122 --- [    Test worker] r$InitializeUserDetailsManagerConfigurer : Global AuthenticationManager configured with an AuthenticationProvider bean. UserDetailsService beans will not be used for username/password login. Consider removing the AuthenticationProvider bean. Alternatively, consider using the UserDetailsService in a manually instantiated DaoAuthenticationProvider.
2026-06-20T15:37:40.176+03:00  INFO 25122 --- [    Test worker] o.s.b.a.w.s.WelcomePageHandlerMapping    : Adding welcome page template: index
2026-06-20T15:37:40.266+03:00  INFO 25122 --- [    Test worker] o.s.b.t.m.w.SpringBootMockServletContext : Initializing Spring TestDispatcherServlet ''
2026-06-20T15:37:40.267+03:00  INFO 25122 --- [    Test worker] o.s.t.web.servlet.TestDispatcherServlet  : Initializing Servlet ''
2026-06-20T15:37:40.267+03:00  INFO 25122 --- [    Test worker] o.s.t.web.servlet.TestDispatcherServlet  : Completed initialization in 0 ms
2026-06-20T15:37:40.272+03:00  INFO 25122 --- [    Test worker] j.b.controller.ClientApiControllerTest   : Started ClientApiControllerTest in 0.223 seconds (process running for 2.2)
]]></system-out>
  <system-err><![CDATA[]]></system-err>
</testsuite>
