<?xml version="1.0" encoding="UTF-8"?>
<testsuite name="java_project_yn.bank_system.controller.CreditApiControllerTest" tests="3" skipped="0" failures="0" errors="0" timestamp="2026-06-20T12:37:40" hostname="Yuliyans-MacBook-Air.local" time="0.018">
  <properties/>
  <testcase name="grant_asClient_isForbidden()" classname="java_project_yn.bank_system.controller.CreditApiControllerTest" time="0.006"/>
  <testcase name="grant_validBody_returnsCreated()" classname="java_project_yn.bank_system.controller.CreditApiControllerTest" time="0.009"/>
  <testcase name="getAll_asEmployee_returnsList()" classname="java_project_yn.bank_system.controller.CreditApiControllerTest" time="0.003"/>
  <system-out><![CDATA[2026-06-20T15:37:40.300+03:00  INFO 25122 --- [    Test worker] t.c.s.AnnotationConfigContextLoaderUtils : Could not detect default configuration classes for test class [java_project_yn.bank_system.controller.CreditApiControllerTest]: CreditApiControllerTest does not declare any static, non-private, non-final, nested classes annotated with @Configuration.
2026-06-20T15:37:40.303+03:00  INFO 25122 --- [    Test worker] .b.t.c.SpringBootTestContextBootstrapper : Found @SpringBootConfiguration java_project_yn.bank_system.BankSystemApplication for test class java_project_yn.bank_system.controller.CreditApiControllerTest

  .   ____          _            __ _ _
 /\\ / ___'_ __ _ _(_)_ __  __ _ \ \ \ \
( ( )\___ | '_ | '_| | '_ \/ _` | \ \ \ \
 \\/  ___)| |_)| | | | | || (_| |  ) ) ) )
  '  |____| .__|_| |_|_| |_\__, | / / / /
 =========|_|==============|___/=/_/_/_/

 :: Spring Boot ::                (v3.3.4)

2026-06-20T15:37:40.311+03:00  INFO 25122 --- [    Test worker] j.b.controller.CreditApiControllerTest   : Starting CreditApiControllerTest using Java 21.0.11 with PID 25122 (started by nass in /Users/nass/Documents/Claude/Projects/java_spring/bank-system)
2026-06-20T15:37:40.311+03:00  INFO 25122 --- [    Test worker] j.b.controller.CreditApiControllerTest   : No active profile set, falling back to 1 default profile: "default"
2026-06-20T15:37:40.397+03:00  INFO 25122 --- [    Test worker] eAuthenticationProviderManagerConfigurer : Global AuthenticationManager configured with AuthenticationProvider bean with name daoAuthenticationProvider
2026-06-20T15:37:40.397+03:00  WARN 25122 --- [    Test worker] r$InitializeUserDetailsManagerConfigurer : Global AuthenticationManager configured with an AuthenticationProvider bean. UserDetailsService beans will not be used for username/password login. Consider removing the AuthenticationProvider bean. Alternatively, consider using the UserDetailsService in a manually instantiated DaoAuthenticationProvider.
2026-06-20T15:37:40.403+03:00  INFO 25122 --- [    Test worker] o.s.b.a.w.s.WelcomePageHandlerMapping    : Adding welcome page template: index
2026-06-20T15:37:40.478+03:00  INFO 25122 --- [    Test worker] o.s.b.t.m.w.SpringBootMockServletContext : Initializing Spring TestDispatcherServlet ''
2026-06-20T15:37:40.478+03:00  INFO 25122 --- [    Test worker] o.s.t.web.servlet.TestDispatcherServlet  : Initializing Servlet ''
2026-06-20T15:37:40.478+03:00  INFO 25122 --- [    Test worker] o.s.t.web.servlet.TestDispatcherServlet  : Completed initialization in 0 ms
2026-06-20T15:37:40.483+03:00  INFO 25122 --- [    Test worker] j.b.controller.CreditApiControllerTest   : Started CreditApiControllerTest in 0.179 seconds (process running for 2.411)
]]></system-out>
  <system-err><![CDATA[]]></system-err>
</testsuite>
